C:\Program Files (x86)\Microsoft Visual Studio\2019\Community\MSBuild\Microsoft\VC\v160\Microsoft.CppBuild.targets(519,5): warning MSB8028: The intermediate directory (Debug\) contains files shared from another project (kuagmire.vcxproj).  This can lead to incorrect clean and rebuild behavior.
  Source.cpp
C:\Users\kuba-bootable\Documents\GitHub\Scripts\Anubingus-scripts\Weapons.h(13,28): warning C4305: 'initializing': truncation from 'double' to 'float'
C:\Users\kuba-bootable\Documents\GitHub\Scripts\Anubingus-scripts\Source.cpp(222,12): warning C4244: 'argument': conversion from 'time_t' to 'unsigned int', possible loss of data
C:\Users\kuba-bootable\Documents\GitHub\Scripts\Anubingus-scripts\Source.cpp(258,10): warning C4244: 'initializing': conversion from 'float' to 'int', possible loss of data
C:\Users\kuba-bootable\Documents\GitHub\Scripts\Anubingus-scripts\Source.cpp(259,10): warning C4244: 'initializing': conversion from 'float' to 'int', possible loss of data
C:\Users\kuba-bootable\Documents\GitHub\Scripts\Anubingus-scripts\Source.cpp(272,14): warning C4244: 'return': conversion from 'double' to 'float', possible loss of data
C:\Users\kuba-bootable\Documents\GitHub\Scripts\Anubingus-scripts\Source.cpp(274,14): warning C4244: 'return': conversion from 'double' to 'float', possible loss of data
C:\Users\kuba-bootable\Documents\GitHub\Scripts\Anubingus-scripts\Source.cpp(276,14): warning C4244: 'return': conversion from 'double' to 'float', possible loss of data
C:\Users\kuba-bootable\Documents\GitHub\Scripts\Anubingus-scripts\Source.cpp(278,14): warning C4244: 'return': conversion from 'double' to 'float', possible loss of data
C:\Users\kuba-bootable\Documents\GitHub\Scripts\Anubingus-scripts\Source.cpp(280,14): warning C4244: 'return': conversion from 'double' to 'float', possible loss of data
C:\Users\kuba-bootable\Documents\GitHub\Scripts\Anubingus-scripts\Source.cpp(286,10): warning C4244: 'initializing': conversion from 'double' to 'float', possible loss of data
C:\Users\kuba-bootable\Documents\GitHub\Scripts\Anubingus-scripts\Source.cpp(446,16): warning C4018: '<': signed/unsigned mismatch
C:\Users\kuba-bootable\Documents\GitHub\Scripts\Anubingus-scripts\Source.cpp(448,149): warning C4244: 'argument': conversion from 'int' to 'float', possible loss of data
C:\Users\kuba-bootable\Documents\GitHub\Scripts\Anubingus-scripts\Source.cpp(448,108): warning C4244: 'argument': conversion from 'float' to 'int', possible loss of data
C:\Users\kuba-bootable\Documents\GitHub\Scripts\Anubingus-scripts\Source.cpp(448,242): warning C4244: 'argument': conversion from 'int' to 'float', possible loss of data
C:\Users\kuba-bootable\Documents\GitHub\Scripts\Anubingus-scripts\Source.cpp(448,201): warning C4244: 'argument': conversion from 'float' to 'int', possible loss of data
C:\Users\kuba-bootable\Documents\GitHub\Scripts\Anubingus-scripts\Source.cpp(453,16): warning C4018: '<': signed/unsigned mismatch
C:\Users\kuba-bootable\Documents\GitHub\Scripts\Anubingus-scripts\Source.cpp(455,151): warning C4244: 'argument': conversion from 'int' to 'float', possible loss of data
C:\Users\kuba-bootable\Documents\GitHub\Scripts\Anubingus-scripts\Source.cpp(455,104): warning C4244: 'argument': conversion from 'float' to 'int', possible loss of data
C:\Users\kuba-bootable\Documents\GitHub\Scripts\Anubingus-scripts\Source.cpp(455,250): warning C4244: 'argument': conversion from 'int' to 'float', possible loss of data
C:\Users\kuba-bootable\Documents\GitHub\Scripts\Anubingus-scripts\Source.cpp(455,203): warning C4244: 'argument': conversion from 'float' to 'int', possible loss of data
C:\Users\kuba-bootable\Documents\GitHub\Scripts\Anubingus-scripts\Source.cpp(460,16): warning C4018: '<': signed/unsigned mismatch
C:\Users\kuba-bootable\Documents\GitHub\Scripts\Anubingus-scripts\Source.cpp(462,139): warning C4244: 'argument': conversion from 'int' to 'float', possible loss of data
C:\Users\kuba-bootable\Documents\GitHub\Scripts\Anubingus-scripts\Source.cpp(462,96): warning C4244: 'argument': conversion from 'float' to 'int', possible loss of data
C:\Users\kuba-bootable\Documents\GitHub\Scripts\Anubingus-scripts\Source.cpp(462,235): warning C4244: 'argument': conversion from 'int' to 'float', possible loss of data
C:\Users\kuba-bootable\Documents\GitHub\Scripts\Anubingus-scripts\Source.cpp(462,192): warning C4244: 'argument': conversion from 'float' to 'int', possible loss of data
C:\Users\kuba-bootable\Documents\GitHub\Scripts\Anubingus-scripts\Source.cpp(467,16): warning C4018: '<': signed/unsigned mismatch
C:\Users\kuba-bootable\Documents\GitHub\Scripts\Anubingus-scripts\Source.cpp(469,136): warning C4244: 'argument': conversion from 'int' to 'float', possible loss of data
C:\Users\kuba-bootable\Documents\GitHub\Scripts\Anubingus-scripts\Source.cpp(469,94): warning C4244: 'argument': conversion from 'float' to 'int', possible loss of data
C:\Users\kuba-bootable\Documents\GitHub\Scripts\Anubingus-scripts\Source.cpp(469,230): warning C4244: 'argument': conversion from 'int' to 'float', possible loss of data
C:\Users\kuba-bootable\Documents\GitHub\Scripts\Anubingus-scripts\Source.cpp(469,188): warning C4244: 'argument': conversion from 'float' to 'int', possible loss of data
C:\Users\kuba-bootable\Documents\GitHub\Scripts\Anubingus-scripts\Source.cpp(474,16): warning C4018: '<': signed/unsigned mismatch
C:\Users\kuba-bootable\Documents\GitHub\Scripts\Anubingus-scripts\Source.cpp(476,133): warning C4244: 'argument': conversion from 'int' to 'float', possible loss of data
C:\Users\kuba-bootable\Documents\GitHub\Scripts\Anubingus-scripts\Source.cpp(476,92): warning C4244: 'argument': conversion from 'float' to 'int', possible loss of data
C:\Users\kuba-bootable\Documents\GitHub\Scripts\Anubingus-scripts\Source.cpp(476,226): warning C4244: 'argument': conversion from 'int' to 'float', possible loss of data
C:\Users\kuba-bootable\Documents\GitHub\Scripts\Anubingus-scripts\Source.cpp(476,185): warning C4244: 'argument': conversion from 'float' to 'int', possible loss of data
C:\Users\kuba-bootable\Documents\GitHub\Scripts\Anubingus-scripts\Source.cpp(481,16): warning C4018: '<': signed/unsigned mismatch
C:\Users\kuba-bootable\Documents\GitHub\Scripts\Anubingus-scripts\Source.cpp(483,136): warning C4244: 'argument': conversion from 'int' to 'float', possible loss of data
C:\Users\kuba-bootable\Documents\GitHub\Scripts\Anubingus-scripts\Source.cpp(483,94): warning C4244: 'argument': conversion from 'float' to 'int', possible loss of data
C:\Users\kuba-bootable\Documents\GitHub\Scripts\Anubingus-scripts\Source.cpp(483,230): warning C4244: 'argument': conversion from 'int' to 'float', possible loss of data
C:\Users\kuba-bootable\Documents\GitHub\Scripts\Anubingus-scripts\Source.cpp(483,188): warning C4244: 'argument': conversion from 'float' to 'int', possible loss of data
C:\Users\kuba-bootable\Documents\GitHub\Scripts\Anubingus-scripts\Source.cpp(488,16): warning C4018: '<': signed/unsigned mismatch
C:\Users\kuba-bootable\Documents\GitHub\Scripts\Anubingus-scripts\Source.cpp(490,139): warning C4244: 'argument': conversion from 'int' to 'float', possible loss of data
C:\Users\kuba-bootable\Documents\GitHub\Scripts\Anubingus-scripts\Source.cpp(490,96): warning C4244: 'argument': conversion from 'float' to 'int', possible loss of data
C:\Users\kuba-bootable\Documents\GitHub\Scripts\Anubingus-scripts\Source.cpp(490,234): warning C4244: 'argument': conversion from 'int' to 'float', possible loss of data
C:\Users\kuba-bootable\Documents\GitHub\Scripts\Anubingus-scripts\Source.cpp(490,191): warning C4244: 'argument': conversion from 'float' to 'int', possible loss of data
C:\Users\kuba-bootable\Documents\GitHub\Scripts\Anubingus-scripts\Source.cpp(494,139): warning C4244: 'argument': conversion from 'int' to 'float', possible loss of data
C:\Users\kuba-bootable\Documents\GitHub\Scripts\Anubingus-scripts\Source.cpp(494,96): warning C4244: 'argument': conversion from 'float' to 'int', possible loss of data
C:\Users\kuba-bootable\Documents\GitHub\Scripts\Anubingus-scripts\Source.cpp(494,235): warning C4244: 'argument': conversion from 'int' to 'float', possible loss of data
C:\Users\kuba-bootable\Documents\GitHub\Scripts\Anubingus-scripts\Source.cpp(494,192): warning C4244: 'argument': conversion from 'float' to 'int', possible loss of data
C:\Program Files (x86)\Microsoft Visual Studio\2019\Community\VC\Tools\MSVC\14.28.29910\include\xstring(2468,23): warning C4244: 'argument': conversion from 'wchar_t' to 'const _Elem', possible loss of data
          with
          [
              _Elem=char
          ]
C:\Program Files (x86)\Microsoft Visual Studio\2019\Community\VC\Tools\MSVC\14.28.29910\include\xstring(2479): message : see reference to function template instantiation 'void std::basic_string<char,std::char_traits<char>,std::allocator<char>>::_Construct<wchar_t*>(_Iter,const _Iter,std::input_iterator_tag)' being compiled
          with
          [
              _Iter=wchar_t *
          ]
C:\Program Files (x86)\Microsoft Visual Studio\2019\Community\VC\Tools\MSVC\14.28.29910\include\xstring(2479): message : see reference to function template instantiation 'void std::basic_string<char,std::char_traits<char>,std::allocator<char>>::_Construct<wchar_t*>(_Iter,const _Iter,std::input_iterator_tag)' being compiled
          with
          [
              _Iter=wchar_t *
          ]
C:\Program Files (x86)\Microsoft Visual Studio\2019\Community\VC\Tools\MSVC\14.28.29910\include\xstring(2459): message : see reference to function template instantiation 'void std::basic_string<char,std::char_traits<char>,std::allocator<char>>::_Construct<wchar_t*>(const _Iter,const _Iter,std::forward_iterator_tag)' being compiled
          with
          [
              _Iter=wchar_t *
          ]
C:\Program Files (x86)\Microsoft Visual Studio\2019\Community\VC\Tools\MSVC\14.28.29910\include\xstring(2459): message : see reference to function template instantiation 'void std::basic_string<char,std::char_traits<char>,std::allocator<char>>::_Construct<wchar_t*>(const _Iter,const _Iter,std::forward_iterator_tag)' being compiled
          with
          [
              _Iter=wchar_t *
          ]
C:\Users\kuba-bootable\Documents\GitHub\Scripts\Anubingus-scripts\Source.cpp(64): message : see reference to function template instantiation 'std::basic_string<char,std::char_traits<char>,std::allocator<char>>::basic_string<std::_String_iterator<std::_String_val<std::_Simple_types<_Elem>>>,0>(_Iter,_Iter,const _Alloc &)' being compiled
          with
          [
              _Elem=wchar_t,
              _Iter=std::_String_iterator<std::_String_val<std::_Simple_types<wchar_t>>>,
              _Alloc=std::allocator<char>
          ]
C:\Users\kuba-bootable\Documents\GitHub\Scripts\Anubingus-scripts\Source.cpp(64): message : see reference to function template instantiation 'std::basic_string<char,std::char_traits<char>,std::allocator<char>>::basic_string<std::_String_iterator<std::_String_val<std::_Simple_types<_Elem>>>,0>(_Iter,_Iter,const _Alloc &)' being compiled
          with
          [
              _Elem=wchar_t,
              _Iter=std::_String_iterator<std::_String_val<std::_Simple_types<wchar_t>>>,
              _Alloc=std::allocator<char>
          ]
  norecoil.vcxproj -> C:\Users\kuba-bootable\Documents\GitHub\Scripts\Anubingus-scripts\Debug\anubingus.exe
